
Collecting usage statistics. To deactivate, set browser.gatherUsageStats to false.


Collecting usage statistics. To deactivate, set browser.gatherUsageStats to false.


Collecting usage statistics. To deactivate, set browser.gatherUsageStats to false.


Collecting usage statistics. To deactivate, set browser.gatherUsageStats to false.


Collecting usage statistics. To deactivate, set browser.gatherUsageStats to false.


  You can now view your Streamlit app in your browser.

  Local URL: http://localhost:8080
  Network URL: http://192.168.127.223:8080
  External URL: http://91.219.166.119:8080

  Stopping...

Collecting usage statistics. To deactivate, set browser.gatherUsageStats to false.


Collecting usage statistics. To deactivate, set browser.gatherUsageStats to false.


Collecting usage statistics. To deactivate, set browser.gatherUsageStats to false.


Collecting usage statistics. To deactivate, set browser.gatherUsageStats to false.


Collecting usage statistics. To deactivate, set browser.gatherUsageStats to false.


Collecting usage statistics. To deactivate, set browser.gatherUsageStats to false.


  You can now view your Streamlit app in your browser.

  Local URL: http://localhost:8501
  Network URL: http://192.168.127.223:8501
  External URL: http://89.150.59.62:8501

  Stopping...

Collecting usage statistics. To deactivate, set browser.gatherUsageStats to false.


  You can now view your Streamlit app in your browser.

  Local URL: http://localhost:8501
  Network URL: http://192.168.127.223:8501
  External URL: http://89.150.59.62:8501

  Stopping...

Collecting usage statistics. To deactivate, set browser.gatherUsageStats to false.


  You can now view your Streamlit app in your browser.

  Local URL: http://localhost:8501
  Network URL: http://192.168.127.223:8501
  External URL: http://91.219.166.119:8501

